2013-05-13T05:14:04.764Z - error: ReferenceError: a is not defined
    at exports.index (/Users/Separ8/Sites/chat-box/routes/index.js:4:5)
    at callbacks (/Users/Separ8/Sites/chat-box/node_modules/express/lib/router/index.js:161:37)
    at param (/Users/Separ8/Sites/chat-box/node_modules/express/lib/router/index.js:135:11)
    at pass (/Users/Separ8/Sites/chat-box/node_modules/express/lib/router/index.js:142:5)
    at Router._dispatch (/Users/Separ8/Sites/chat-box/node_modules/express/lib/router/index.js:170:5)
    at Object.router (/Users/Separ8/Sites/chat-box/node_modules/express/lib/router/index.js:33:10)
    at next (/Users/Separ8/Sites/chat-box/node_modules/express/node_modules/connect/lib/proto.js:190:15)
    at resume (/Users/Separ8/Sites/chat-box/node_modules/express/node_modules/connect/lib/middleware/static.js:60:7)
    at SendStream.error (/Users/Separ8/Sites/chat-box/node_modules/express/node_modules/connect/lib/middleware/static.js:73:37)
    at SendStream.EventEmitter.emit (events.js:115:20)
2013-05-13T05:43:13.482Z - error: [domainUserMsg] TypeError: Cannot read property 'id' of undefined
    at Socket.module.exports.socket.on.user.chatable (/Users/Separ8/Sites/chat-box/routes/socket.js:145:33)
    at Socket.Domain.bind.b (domain.js:193:20)
    at Socket.EventEmitter.emit [as $emit] (events.js:91:17)
    at SocketNamespace.handlePacket (/Users/Separ8/Sites/chat-box/node_modules/socket.io/lib/namespace.js:335:22)
    at Manager.onClientMessage (/Users/Separ8/Sites/chat-box/node_modules/socket.io/lib/manager.js:488:38)
    at WebSocket.Transport.onMessage (/Users/Separ8/Sites/chat-box/node_modules/socket.io/lib/transport.js:387:20)
    at Parser.<anonymous> (/Users/Separ8/Sites/chat-box/node_modules/socket.io/lib/transports/websocket/hybi-16.js:39:10)
    at Parser.EventEmitter.emit (events.js:88:17)
    at opcodeHandlers.1.finish (/Users/Separ8/Sites/chat-box/node_modules/socket.io/lib/transports/websocket/hybi-16.js:288:16)
    at Parser.opcodeHandlers.1.expectData [as expectHandler] (/Users/Separ8/Sites/chat-box/node_modules/socket.io/lib/transports/websocket/hybi-16.js:299:15)
2013-05-13T05:55:40.398Z - error: [domainUserMsg] TypeError: Cannot read property 'id' of undefined
    at Socket.module.exports.socket.on.user.chatable (/Users/Separ8/Sites/chat-box/routes/socket.js:145:33)
    at Socket.Domain.bind.b (domain.js:193:20)
    at Socket.EventEmitter.emit [as $emit] (events.js:91:17)
    at SocketNamespace.handlePacket (/Users/Separ8/Sites/chat-box/node_modules/socket.io/lib/namespace.js:335:22)
    at Manager.onClientMessage (/Users/Separ8/Sites/chat-box/node_modules/socket.io/lib/manager.js:488:38)
    at WebSocket.Transport.onMessage (/Users/Separ8/Sites/chat-box/node_modules/socket.io/lib/transport.js:387:20)
    at Parser.<anonymous> (/Users/Separ8/Sites/chat-box/node_modules/socket.io/lib/transports/websocket/hybi-16.js:39:10)
    at Parser.EventEmitter.emit (events.js:88:17)
    at opcodeHandlers.1.finish (/Users/Separ8/Sites/chat-box/node_modules/socket.io/lib/transports/websocket/hybi-16.js:288:16)
    at Parser.opcodeHandlers.1.expectData [as expectHandler] (/Users/Separ8/Sites/chat-box/node_modules/socket.io/lib/transports/websocket/hybi-16.js:299:15)
2013-05-13T05:58:45.204Z - error: [domainUserMsg] TypeError: Cannot read property 'id' of undefined
    at Socket.module.exports.socket.on.user.chatable (/Users/Separ8/Sites/chat-box/routes/socket.js:146:33)
    at Socket.Domain.bind.b (domain.js:193:20)
    at Socket.EventEmitter.emit [as $emit] (events.js:91:17)
    at SocketNamespace.handlePacket (/Users/Separ8/Sites/chat-box/node_modules/socket.io/lib/namespace.js:335:22)
    at Manager.onClientMessage (/Users/Separ8/Sites/chat-box/node_modules/socket.io/lib/manager.js:488:38)
    at WebSocket.Transport.onMessage (/Users/Separ8/Sites/chat-box/node_modules/socket.io/lib/transport.js:387:20)
    at Parser.<anonymous> (/Users/Separ8/Sites/chat-box/node_modules/socket.io/lib/transports/websocket/hybi-16.js:39:10)
    at Parser.EventEmitter.emit (events.js:88:17)
    at opcodeHandlers.1.finish (/Users/Separ8/Sites/chat-box/node_modules/socket.io/lib/transports/websocket/hybi-16.js:288:16)
    at Parser.opcodeHandlers.1.expectData [as expectHandler] (/Users/Separ8/Sites/chat-box/node_modules/socket.io/lib/transports/websocket/hybi-16.js:299:15)
2013-05-13T06:00:24.022Z - error: [domainUserMsg] TypeError: Cannot read property 'id' of undefined
    at Socket.module.exports.socket.on.user.chatable (/Users/Separ8/Sites/chat-box/routes/socket.js:146:33)
    at Socket.Domain.bind.b (domain.js:193:20)
    at Socket.EventEmitter.emit [as $emit] (events.js:91:17)
    at SocketNamespace.handlePacket (/Users/Separ8/Sites/chat-box/node_modules/socket.io/lib/namespace.js:335:22)
    at Manager.onClientMessage (/Users/Separ8/Sites/chat-box/node_modules/socket.io/lib/manager.js:488:38)
    at WebSocket.Transport.onMessage (/Users/Separ8/Sites/chat-box/node_modules/socket.io/lib/transport.js:387:20)
    at Parser.<anonymous> (/Users/Separ8/Sites/chat-box/node_modules/socket.io/lib/transports/websocket/hybi-16.js:39:10)
    at Parser.EventEmitter.emit (events.js:88:17)
    at opcodeHandlers.1.finish (/Users/Separ8/Sites/chat-box/node_modules/socket.io/lib/transports/websocket/hybi-16.js:288:16)
    at Parser.opcodeHandlers.1.expectData [as expectHandler] (/Users/Separ8/Sites/chat-box/node_modules/socket.io/lib/transports/websocket/hybi-16.js:299:15)
2013-05-13T06:03:52.886Z - error: [domainUserMsg] TypeError: Cannot read property 'id' of undefined
    at Socket.module.exports.socket.on.user.chatable (/Users/Separ8/Sites/chat-box/routes/socket.js:146:33)
    at Socket.Domain.bind.b (domain.js:193:20)
    at Socket.EventEmitter.emit [as $emit] (events.js:91:17)
    at SocketNamespace.handlePacket (/Users/Separ8/Sites/chat-box/node_modules/socket.io/lib/namespace.js:335:22)
    at Manager.onClientMessage (/Users/Separ8/Sites/chat-box/node_modules/socket.io/lib/manager.js:488:38)
    at WebSocket.Transport.onMessage (/Users/Separ8/Sites/chat-box/node_modules/socket.io/lib/transport.js:387:20)
    at Parser.<anonymous> (/Users/Separ8/Sites/chat-box/node_modules/socket.io/lib/transports/websocket/hybi-16.js:39:10)
    at Parser.EventEmitter.emit (events.js:88:17)
    at opcodeHandlers.1.finish (/Users/Separ8/Sites/chat-box/node_modules/socket.io/lib/transports/websocket/hybi-16.js:288:16)
    at Parser.opcodeHandlers.1.expectData [as expectHandler] (/Users/Separ8/Sites/chat-box/node_modules/socket.io/lib/transports/websocket/hybi-16.js:299:15)
2013-05-13T06:13:59.299Z - error: [domainUserMsg] TypeError: Cannot read property 'id' of undefined
    at Socket.module.exports.socket.on.user.chatable (/Users/Separ8/Sites/chat-box/routes/socket.js:146:33)
    at Socket.Domain.bind.b (domain.js:193:20)
    at Socket.EventEmitter.emit [as $emit] (events.js:91:17)
    at SocketNamespace.handlePacket (/Users/Separ8/Sites/chat-box/node_modules/socket.io/lib/namespace.js:335:22)
    at Manager.onClientMessage (/Users/Separ8/Sites/chat-box/node_modules/socket.io/lib/manager.js:488:38)
    at WebSocket.Transport.onMessage (/Users/Separ8/Sites/chat-box/node_modules/socket.io/lib/transport.js:387:20)
    at Parser.<anonymous> (/Users/Separ8/Sites/chat-box/node_modules/socket.io/lib/transports/websocket/hybi-16.js:39:10)
    at Parser.EventEmitter.emit (events.js:88:17)
    at opcodeHandlers.1.finish (/Users/Separ8/Sites/chat-box/node_modules/socket.io/lib/transports/websocket/hybi-16.js:288:16)
    at Parser.opcodeHandlers.1.expectData [as expectHandler] (/Users/Separ8/Sites/chat-box/node_modules/socket.io/lib/transports/websocket/hybi-16.js:299:15)
2013-05-13T06:27:16.167Z - error: [domainUserMsg] TypeError: Cannot read property 'id' of undefined
    at Socket.module.exports.socket.on.user.chatable (/Users/Separ8/Sites/chat-box/routes/socket.js:151:33)
    at Socket.Domain.bind.b (domain.js:193:20)
    at Socket.EventEmitter.emit [as $emit] (events.js:91:17)
    at SocketNamespace.handlePacket (/Users/Separ8/Sites/chat-box/node_modules/socket.io/lib/namespace.js:335:22)
    at Manager.onClientMessage (/Users/Separ8/Sites/chat-box/node_modules/socket.io/lib/manager.js:488:38)
    at WebSocket.Transport.onMessage (/Users/Separ8/Sites/chat-box/node_modules/socket.io/lib/transport.js:387:20)
    at Parser.<anonymous> (/Users/Separ8/Sites/chat-box/node_modules/socket.io/lib/transports/websocket/hybi-16.js:39:10)
    at Parser.EventEmitter.emit (events.js:88:17)
    at opcodeHandlers.1.finish (/Users/Separ8/Sites/chat-box/node_modules/socket.io/lib/transports/websocket/hybi-16.js:288:16)
    at Parser.opcodeHandlers.1.expectData [as expectHandler] (/Users/Separ8/Sites/chat-box/node_modules/socket.io/lib/transports/websocket/hybi-16.js:299:15)
2013-05-13T06:42:23.107Z - error: [domainUserMsg] TypeError: Object #<Object> has no method 'abc'
    at module.exports.socket.on.user.chatable (/Users/Separ8/Sites/chat-box/routes/socket.js:148:32)
    at Domain.bind.b (domain.js:199:18)
    at Domain.run (domain.js:139:23)
    at Socket.module.exports.socket.on.user.chatable (/Users/Separ8/Sites/chat-box/routes/socket.js:143:11)
    at Socket.EventEmitter.emit [as $emit] (events.js:91:17)
    at SocketNamespace.handlePacket (/Users/Separ8/Sites/chat-box/node_modules/socket.io/lib/namespace.js:335:22)
    at Manager.onClientMessage (/Users/Separ8/Sites/chat-box/node_modules/socket.io/lib/manager.js:488:38)
    at WebSocket.Transport.onMessage (/Users/Separ8/Sites/chat-box/node_modules/socket.io/lib/transport.js:387:20)
    at Parser.<anonymous> (/Users/Separ8/Sites/chat-box/node_modules/socket.io/lib/transports/websocket/hybi-16.js:39:10)
    at Parser.EventEmitter.emit (events.js:88:17)
2013-05-13T06:44:26.688Z - error: [domainUserMsg] TypeError: Object #<Object> has no method 'abc'
    at module.exports.socket.on.user.chatable (/Users/Separ8/Sites/chat-box/routes/socket.js:148:32)
    at Domain.bind.b (domain.js:199:18)
    at Domain.run (domain.js:139:23)
    at Socket.module.exports.socket.on.user.chatable (/Users/Separ8/Sites/chat-box/routes/socket.js:143:11)
    at Socket.EventEmitter.emit [as $emit] (events.js:91:17)
    at SocketNamespace.handlePacket (/Users/Separ8/Sites/chat-box/node_modules/socket.io/lib/namespace.js:335:22)
    at Manager.onClientMessage (/Users/Separ8/Sites/chat-box/node_modules/socket.io/lib/manager.js:488:38)
    at WebSocket.Transport.onMessage (/Users/Separ8/Sites/chat-box/node_modules/socket.io/lib/transport.js:387:20)
    at Parser.<anonymous> (/Users/Separ8/Sites/chat-box/node_modules/socket.io/lib/transports/websocket/hybi-16.js:39:10)
    at Parser.EventEmitter.emit (events.js:88:17)
2013-05-13T06:50:23.830Z - error: [domainUserMsg] TypeError: Object #<Object> has no method 'abc'
    at module.exports.socket.on.user.chatable (/Users/Separ8/Sites/chat-box/routes/socket.js:149:36)
    at Domain.bind.b (domain.js:199:18)
    at Domain.run (domain.js:139:23)
    at Socket.module.exports.socket.on.user.chatable (/Users/Separ8/Sites/chat-box/routes/socket.js:143:11)
    at Socket.EventEmitter.emit [as $emit] (events.js:91:17)
    at SocketNamespace.handlePacket (/Users/Separ8/Sites/chat-box/node_modules/socket.io/lib/namespace.js:335:22)
    at Manager.onClientMessage (/Users/Separ8/Sites/chat-box/node_modules/socket.io/lib/manager.js:488:38)
    at WebSocket.Transport.onMessage (/Users/Separ8/Sites/chat-box/node_modules/socket.io/lib/transport.js:387:20)
    at Parser.<anonymous> (/Users/Separ8/Sites/chat-box/node_modules/socket.io/lib/transports/websocket/hybi-16.js:39:10)
    at Parser.EventEmitter.emit (events.js:88:17)
2013-05-13T07:06:16.159Z - error: [domainUserMsg] TypeError: Object #<Object> has no method 'abc'
    at module.exports.socket.on.user.chatable (/Users/Separ8/Sites/chat-box/routes/socket.js:149:36)
    at Domain.bind.b (domain.js:199:18)
    at Domain.run (domain.js:139:23)
    at Socket.module.exports.socket.on.user.chatable (/Users/Separ8/Sites/chat-box/routes/socket.js:143:11)
    at Socket.EventEmitter.emit [as $emit] (events.js:91:17)
    at SocketNamespace.handlePacket (/Users/Separ8/Sites/chat-box/node_modules/socket.io/lib/namespace.js:335:22)
    at Manager.onClientMessage (/Users/Separ8/Sites/chat-box/node_modules/socket.io/lib/manager.js:488:38)
    at WebSocket.Transport.onMessage (/Users/Separ8/Sites/chat-box/node_modules/socket.io/lib/transport.js:387:20)
    at Parser.<anonymous> (/Users/Separ8/Sites/chat-box/node_modules/socket.io/lib/transports/websocket/hybi-16.js:39:10)
    at Parser.EventEmitter.emit (events.js:88:17)
2013-05-13T07:24:25.281Z - error: [domainUserMsg] TypeError: Object #<Object> has no method 'abc'
    at module.exports.socket.on.user.chatable (/Users/Separ8/Sites/chat-box/routes/socket.js:149:36)
    at Domain.bind.b (domain.js:199:18)
    at Domain.run (domain.js:139:23)
    at Socket.module.exports.socket.on.user.chatable (/Users/Separ8/Sites/chat-box/routes/socket.js:143:11)
    at Socket.EventEmitter.emit [as $emit] (events.js:91:17)
    at SocketNamespace.handlePacket (/Users/Separ8/Sites/chat-box/node_modules/socket.io/lib/namespace.js:335:22)
    at Manager.onClientMessage (/Users/Separ8/Sites/chat-box/node_modules/socket.io/lib/manager.js:488:38)
    at WebSocket.Transport.onMessage (/Users/Separ8/Sites/chat-box/node_modules/socket.io/lib/transport.js:387:20)
    at Parser.<anonymous> (/Users/Separ8/Sites/chat-box/node_modules/socket.io/lib/transports/websocket/hybi-16.js:39:10)
    at Parser.EventEmitter.emit (events.js:88:17)
2013-05-13T07:43:35.593Z - error: [domainUserMsg] TypeError: Object #<Object> has no method 'abc'
    at module.exports.socket.on.user.chatable (/Users/Separ8/Sites/chat-box/routes/socket.js:150:36)
    at Domain.bind.b (domain.js:199:18)
    at Domain.run (domain.js:139:23)
    at Socket.module.exports.socket.on.user.chatable (/Users/Separ8/Sites/chat-box/routes/socket.js:144:11)
    at Socket.EventEmitter.emit [as $emit] (events.js:91:17)
    at SocketNamespace.handlePacket (/Users/Separ8/Sites/chat-box/node_modules/socket.io/lib/namespace.js:335:22)
    at Manager.onClientMessage (/Users/Separ8/Sites/chat-box/node_modules/socket.io/lib/manager.js:488:38)
    at WebSocket.Transport.onMessage (/Users/Separ8/Sites/chat-box/node_modules/socket.io/lib/transport.js:387:20)
    at Parser.<anonymous> (/Users/Separ8/Sites/chat-box/node_modules/socket.io/lib/transports/websocket/hybi-16.js:39:10)
    at Parser.EventEmitter.emit (events.js:88:17)
2013-05-13T08:09:21.267Z - error: [domainUserMsg] TypeError: Object #<Object> has no method 'abc'
    at module.exports.socket.on.user.chatable (/Users/Separ8/Sites/chat-box/routes/socket.js:150:36)
    at Domain.bind.b (domain.js:199:18)
    at Domain.run (domain.js:139:23)
    at Socket.module.exports.socket.on.user.chatable (/Users/Separ8/Sites/chat-box/routes/socket.js:144:11)
    at Socket.EventEmitter.emit [as $emit] (events.js:91:17)
    at SocketNamespace.handlePacket (/Users/Separ8/Sites/chat-box/node_modules/socket.io/lib/namespace.js:335:22)
    at Manager.onClientMessage (/Users/Separ8/Sites/chat-box/node_modules/socket.io/lib/manager.js:488:38)
    at WebSocket.Transport.onMessage (/Users/Separ8/Sites/chat-box/node_modules/socket.io/lib/transport.js:387:20)
    at Parser.<anonymous> (/Users/Separ8/Sites/chat-box/node_modules/socket.io/lib/transports/websocket/hybi-16.js:39:10)
    at Parser.EventEmitter.emit (events.js:88:17)
2013-05-13T08:10:17.647Z - error: [domainUserMsg] TypeError: Object #<Object> has no method 'abc'
    at module.exports.socket.on.user.chatable (/Users/Separ8/Sites/chat-box/routes/socket.js:150:36)
    at Domain.bind.b (domain.js:199:18)
    at Domain.run (domain.js:139:23)
    at Socket.module.exports.socket.on.user.chatable (/Users/Separ8/Sites/chat-box/routes/socket.js:144:11)
    at Socket.EventEmitter.emit [as $emit] (events.js:91:17)
    at SocketNamespace.handlePacket (/Users/Separ8/Sites/chat-box/node_modules/socket.io/lib/namespace.js:335:22)
    at Manager.onClientMessage (/Users/Separ8/Sites/chat-box/node_modules/socket.io/lib/manager.js:488:38)
    at WebSocket.Transport.onMessage (/Users/Separ8/Sites/chat-box/node_modules/socket.io/lib/transport.js:387:20)
    at Parser.<anonymous> (/Users/Separ8/Sites/chat-box/node_modules/socket.io/lib/transports/websocket/hybi-16.js:39:10)
    at Parser.EventEmitter.emit (events.js:88:17)
2013-05-13T08:12:41.040Z - error: [domainUserMsg] TypeError: Object #<Object> has no method 'abc'
    at module.exports.socket.on.user.chatable (/Users/Separ8/Sites/chat-box/routes/socket.js:150:36)
    at Domain.bind.b (domain.js:199:18)
    at Domain.run (domain.js:139:23)
    at Socket.module.exports.socket.on.user.chatable (/Users/Separ8/Sites/chat-box/routes/socket.js:144:11)
    at Socket.EventEmitter.emit [as $emit] (events.js:91:17)
    at SocketNamespace.handlePacket (/Users/Separ8/Sites/chat-box/node_modules/socket.io/lib/namespace.js:335:22)
    at Manager.onClientMessage (/Users/Separ8/Sites/chat-box/node_modules/socket.io/lib/manager.js:488:38)
    at WebSocket.Transport.onMessage (/Users/Separ8/Sites/chat-box/node_modules/socket.io/lib/transport.js:387:20)
    at Parser.<anonymous> (/Users/Separ8/Sites/chat-box/node_modules/socket.io/lib/transports/websocket/hybi-16.js:39:10)
    at Parser.EventEmitter.emit (events.js:88:17)
2013-05-13T08:14:17.361Z - error: [domainUserMsg] TypeError: Object #<Object> has no method 'abc'
    at module.exports.socket.on.user.chatable (/Users/Separ8/Sites/chat-box/routes/socket.js:150:36)
    at Domain.bind.b (domain.js:199:18)
    at Domain.run (domain.js:139:23)
    at Socket.module.exports.socket.on.user.chatable (/Users/Separ8/Sites/chat-box/routes/socket.js:144:11)
    at Socket.EventEmitter.emit [as $emit] (events.js:91:17)
    at SocketNamespace.handlePacket (/Users/Separ8/Sites/chat-box/node_modules/socket.io/lib/namespace.js:335:22)
    at Manager.onClientMessage (/Users/Separ8/Sites/chat-box/node_modules/socket.io/lib/manager.js:488:38)
    at WebSocket.Transport.onMessage (/Users/Separ8/Sites/chat-box/node_modules/socket.io/lib/transport.js:387:20)
    at Parser.<anonymous> (/Users/Separ8/Sites/chat-box/node_modules/socket.io/lib/transports/websocket/hybi-16.js:39:10)
    at Parser.EventEmitter.emit (events.js:88:17)
2013-05-13T08:15:24.491Z - error: [domainUserMsg] TypeError: Object #<Object> has no method 'abc'
    at module.exports.socket.on.user.chatable (/Users/Separ8/Sites/chat-box/routes/socket.js:151:36)
    at Domain.bind.b (domain.js:199:18)
    at Domain.run (domain.js:139:23)
    at Socket.module.exports.socket.on.user.chatable (/Users/Separ8/Sites/chat-box/routes/socket.js:145:11)
    at Socket.EventEmitter.emit [as $emit] (events.js:91:17)
    at SocketNamespace.handlePacket (/Users/Separ8/Sites/chat-box/node_modules/socket.io/lib/namespace.js:335:22)
    at Manager.onClientMessage (/Users/Separ8/Sites/chat-box/node_modules/socket.io/lib/manager.js:488:38)
    at WebSocket.Transport.onMessage (/Users/Separ8/Sites/chat-box/node_modules/socket.io/lib/transport.js:387:20)
    at Parser.<anonymous> (/Users/Separ8/Sites/chat-box/node_modules/socket.io/lib/transports/websocket/hybi-16.js:39:10)
    at Parser.EventEmitter.emit (events.js:88:17)
2013-05-13T08:22:30.436Z - error: [domainUserMsg] TypeError: Object #<Object> has no method 'abc'
    at module.exports.socket.on.user.chatable (/Users/Separ8/Sites/chat-box/routes/socket.js:151:36)
    at Domain.bind.b (domain.js:199:18)
    at Domain.run (domain.js:139:23)
    at Socket.module.exports.socket.on.user.chatable (/Users/Separ8/Sites/chat-box/routes/socket.js:145:11)
    at Socket.EventEmitter.emit [as $emit] (events.js:91:17)
    at SocketNamespace.handlePacket (/Users/Separ8/Sites/chat-box/node_modules/socket.io/lib/namespace.js:335:22)
    at Manager.onClientMessage (/Users/Separ8/Sites/chat-box/node_modules/socket.io/lib/manager.js:488:38)
    at WebSocket.Transport.onMessage (/Users/Separ8/Sites/chat-box/node_modules/socket.io/lib/transport.js:387:20)
    at Parser.<anonymous> (/Users/Separ8/Sites/chat-box/node_modules/socket.io/lib/transports/websocket/hybi-16.js:39:10)
    at Parser.EventEmitter.emit (events.js:88:17)
2013-05-13T08:32:37.870Z - error: [domainUserMsg] TypeError: Object #<Object> has no method 'abc'
    at module.exports.socket.on.user.chatable (/Users/Separ8/Sites/chat-box/routes/socket.js:151:36)
    at Domain.bind.b (domain.js:199:18)
    at Domain.run (domain.js:139:23)
    at Socket.module.exports.socket.on.user.chatable (/Users/Separ8/Sites/chat-box/routes/socket.js:145:11)
    at Socket.EventEmitter.emit [as $emit] (events.js:91:17)
    at SocketNamespace.handlePacket (/Users/Separ8/Sites/chat-box/node_modules/socket.io/lib/namespace.js:335:22)
    at Manager.onClientMessage (/Users/Separ8/Sites/chat-box/node_modules/socket.io/lib/manager.js:488:38)
    at WebSocket.Transport.onMessage (/Users/Separ8/Sites/chat-box/node_modules/socket.io/lib/transport.js:387:20)
    at Parser.<anonymous> (/Users/Separ8/Sites/chat-box/node_modules/socket.io/lib/transports/websocket/hybi-16.js:39:10)
    at Parser.EventEmitter.emit (events.js:88:17)
2013-05-13T08:36:12.726Z - error: [domainUserMsg] TypeError: Object #<Object> has no method 'abc'
    at module.exports.socket.on.user.chatable (/Users/Separ8/Sites/chat-box/routes/socket.js:151:36)
    at Domain.bind.b (domain.js:199:18)
    at Domain.run (domain.js:139:23)
    at Socket.module.exports.socket.on.user.chatable (/Users/Separ8/Sites/chat-box/routes/socket.js:145:11)
    at Socket.EventEmitter.emit [as $emit] (events.js:91:17)
    at SocketNamespace.handlePacket (/Users/Separ8/Sites/chat-box/node_modules/socket.io/lib/namespace.js:335:22)
    at Manager.onClientMessage (/Users/Separ8/Sites/chat-box/node_modules/socket.io/lib/manager.js:488:38)
    at WebSocket.Transport.onMessage (/Users/Separ8/Sites/chat-box/node_modules/socket.io/lib/transport.js:387:20)
    at Parser.<anonymous> (/Users/Separ8/Sites/chat-box/node_modules/socket.io/lib/transports/websocket/hybi-16.js:39:10)
    at Parser.EventEmitter.emit (events.js:88:17)
2013-05-13T21:54:17.050Z - error: [domainUserMsg] TypeError: Object #<Object> has no method 'abc'
    at module.exports.socket.on.user.chatable (/Users/Separ8/Sites/chat-box/routes/socket.js:151:36)
    at Domain.bind.b (domain.js:199:18)
    at Domain.run (domain.js:139:23)
    at Socket.module.exports.socket.on.user.chatable (/Users/Separ8/Sites/chat-box/routes/socket.js:145:11)
    at Socket.EventEmitter.emit [as $emit] (events.js:91:17)
    at SocketNamespace.handlePacket (/Users/Separ8/Sites/chat-box/node_modules/socket.io/lib/namespace.js:335:22)
    at Manager.onClientMessage (/Users/Separ8/Sites/chat-box/node_modules/socket.io/lib/manager.js:488:38)
    at WebSocket.Transport.onMessage (/Users/Separ8/Sites/chat-box/node_modules/socket.io/lib/transport.js:387:20)
    at Parser.<anonymous> (/Users/Separ8/Sites/chat-box/node_modules/socket.io/lib/transports/websocket/hybi-16.js:39:10)
    at Parser.EventEmitter.emit (events.js:88:17)
2013-05-13T21:55:07.885Z - error: [domainUserMsg] TypeError: Object #<Object> has no method 'abc'
    at module.exports.socket.on.user.chatable (/Users/Separ8/Sites/chat-box/routes/socket.js:151:36)
    at Domain.bind.b (domain.js:199:18)
    at Domain.run (domain.js:139:23)
    at Socket.module.exports.socket.on.user.chatable (/Users/Separ8/Sites/chat-box/routes/socket.js:145:11)
    at Socket.EventEmitter.emit [as $emit] (events.js:91:17)
    at SocketNamespace.handlePacket (/Users/Separ8/Sites/chat-box/node_modules/socket.io/lib/namespace.js:335:22)
    at Manager.onClientMessage (/Users/Separ8/Sites/chat-box/node_modules/socket.io/lib/manager.js:488:38)
    at WebSocket.Transport.onMessage (/Users/Separ8/Sites/chat-box/node_modules/socket.io/lib/transport.js:387:20)
    at Parser.<anonymous> (/Users/Separ8/Sites/chat-box/node_modules/socket.io/lib/transports/websocket/hybi-16.js:39:10)
    at Parser.EventEmitter.emit (events.js:88:17)
2013-05-13T22:01:23.156Z - error: [domainUserMsg] TypeError: Object #<Object> has no method 'abc'
    at module.exports.socket.on.user.chatable (/Users/Separ8/Sites/chat-box/routes/socket.js:151:36)
    at Domain.bind.b (domain.js:199:18)
    at Domain.run (domain.js:139:23)
    at Socket.module.exports.socket.on.user.chatable (/Users/Separ8/Sites/chat-box/routes/socket.js:145:11)
    at Socket.EventEmitter.emit [as $emit] (events.js:91:17)
    at SocketNamespace.handlePacket (/Users/Separ8/Sites/chat-box/node_modules/socket.io/lib/namespace.js:335:22)
    at Manager.onClientMessage (/Users/Separ8/Sites/chat-box/node_modules/socket.io/lib/manager.js:488:38)
    at WebSocket.Transport.onMessage (/Users/Separ8/Sites/chat-box/node_modules/socket.io/lib/transport.js:387:20)
    at Parser.<anonymous> (/Users/Separ8/Sites/chat-box/node_modules/socket.io/lib/transports/websocket/hybi-16.js:39:10)
    at Parser.EventEmitter.emit (events.js:88:17)
2013-05-13T22:06:51.569Z - error: [domainUserMsg] TypeError: Object #<Object> has no method 'abc'
    at module.exports.socket.on.user.chatable (/Users/Separ8/Sites/chat-box/routes/socket.js:151:36)
    at Domain.bind.b (domain.js:199:18)
    at Domain.run (domain.js:139:23)
    at Socket.module.exports.socket.on.user.chatable (/Users/Separ8/Sites/chat-box/routes/socket.js:145:11)
    at Socket.EventEmitter.emit [as $emit] (events.js:91:17)
    at SocketNamespace.handlePacket (/Users/Separ8/Sites/chat-box/node_modules/socket.io/lib/namespace.js:335:22)
    at Manager.onClientMessage (/Users/Separ8/Sites/chat-box/node_modules/socket.io/lib/manager.js:488:38)
    at WebSocket.Transport.onMessage (/Users/Separ8/Sites/chat-box/node_modules/socket.io/lib/transport.js:387:20)
    at Parser.<anonymous> (/Users/Separ8/Sites/chat-box/node_modules/socket.io/lib/transports/websocket/hybi-16.js:39:10)
    at Parser.EventEmitter.emit (events.js:88:17)
2013-05-13T22:08:17.466Z - error: [domainUserMsg] TypeError: Object #<Object> has no method 'abc'
    at module.exports.socket.on.user.chatable (/Users/Separ8/Sites/chat-box/routes/socket.js:151:36)
    at Domain.bind.b (domain.js:199:18)
    at Domain.run (domain.js:139:23)
    at Socket.module.exports.socket.on.user.chatable (/Users/Separ8/Sites/chat-box/routes/socket.js:145:11)
    at Socket.EventEmitter.emit [as $emit] (events.js:91:17)
    at SocketNamespace.handlePacket (/Users/Separ8/Sites/chat-box/node_modules/socket.io/lib/namespace.js:335:22)
    at Manager.onClientMessage (/Users/Separ8/Sites/chat-box/node_modules/socket.io/lib/manager.js:488:38)
    at WebSocket.Transport.onMessage (/Users/Separ8/Sites/chat-box/node_modules/socket.io/lib/transport.js:387:20)
    at Parser.<anonymous> (/Users/Separ8/Sites/chat-box/node_modules/socket.io/lib/transports/websocket/hybi-16.js:39:10)
    at Parser.EventEmitter.emit (events.js:88:17)
2013-05-13T22:16:31.197Z - error: [domainUserMsg] TypeError: Object #<Object> has no method 'abc'
    at module.exports.socket.on.user.chatable (/Users/Separ8/Sites/chat-box/routes/socket.js:151:36)
    at Domain.bind.b (domain.js:199:18)
    at Domain.run (domain.js:139:23)
    at Socket.module.exports.socket.on.user.chatable (/Users/Separ8/Sites/chat-box/routes/socket.js:145:11)
    at Socket.EventEmitter.emit [as $emit] (events.js:91:17)
    at SocketNamespace.handlePacket (/Users/Separ8/Sites/chat-box/node_modules/socket.io/lib/namespace.js:335:22)
    at Manager.onClientMessage (/Users/Separ8/Sites/chat-box/node_modules/socket.io/lib/manager.js:488:38)
    at WebSocket.Transport.onMessage (/Users/Separ8/Sites/chat-box/node_modules/socket.io/lib/transport.js:387:20)
    at Parser.<anonymous> (/Users/Separ8/Sites/chat-box/node_modules/socket.io/lib/transports/websocket/hybi-16.js:39:10)
    at Parser.EventEmitter.emit (events.js:88:17)
2013-05-13T22:30:52.020Z - error: [domainUserMsg] TypeError: Object #<Object> has no method 'abc'
    at module.exports.socket.on.user.chatable (/Users/Separ8/Sites/chat-box/routes/socket.js:151:36)
    at Domain.bind.b (domain.js:199:18)
    at Domain.run (domain.js:139:23)
    at Socket.module.exports.socket.on.user.chatable (/Users/Separ8/Sites/chat-box/routes/socket.js:145:11)
    at Socket.EventEmitter.emit [as $emit] (events.js:91:17)
    at SocketNamespace.handlePacket (/Users/Separ8/Sites/chat-box/node_modules/socket.io/lib/namespace.js:335:22)
    at Manager.onClientMessage (/Users/Separ8/Sites/chat-box/node_modules/socket.io/lib/manager.js:488:38)
    at WebSocket.Transport.onMessage (/Users/Separ8/Sites/chat-box/node_modules/socket.io/lib/transport.js:387:20)
    at Parser.<anonymous> (/Users/Separ8/Sites/chat-box/node_modules/socket.io/lib/transports/websocket/hybi-16.js:39:10)
    at Parser.EventEmitter.emit (events.js:88:17)
2013-05-13T22:35:49.207Z - error: [domainUserMsg] TypeError: Object #<Object> has no method 'abc'
    at module.exports.socket.on.user.chatable (/Users/Separ8/Sites/chat-box/routes/socket.js:151:36)
    at Domain.bind.b (domain.js:199:18)
    at Domain.run (domain.js:139:23)
    at Socket.module.exports.socket.on.user.chatable (/Users/Separ8/Sites/chat-box/routes/socket.js:145:11)
    at Socket.EventEmitter.emit [as $emit] (events.js:91:17)
    at SocketNamespace.handlePacket (/Users/Separ8/Sites/chat-box/node_modules/socket.io/lib/namespace.js:335:22)
    at Manager.onClientMessage (/Users/Separ8/Sites/chat-box/node_modules/socket.io/lib/manager.js:488:38)
    at WebSocket.Transport.onMessage (/Users/Separ8/Sites/chat-box/node_modules/socket.io/lib/transport.js:387:20)
    at Parser.<anonymous> (/Users/Separ8/Sites/chat-box/node_modules/socket.io/lib/transports/websocket/hybi-16.js:39:10)
    at Parser.EventEmitter.emit (events.js:88:17)
2013-05-13T22:36:27.047Z - error: [domainUserMsg] TypeError: Object #<Object> has no method 'abc'
    at module.exports.socket.on.user.chatable (/Users/Separ8/Sites/chat-box/routes/socket.js:151:36)
    at Domain.bind.b (domain.js:199:18)
    at Domain.run (domain.js:139:23)
    at Socket.module.exports.socket.on.user.chatable (/Users/Separ8/Sites/chat-box/routes/socket.js:145:11)
    at Socket.EventEmitter.emit [as $emit] (events.js:91:17)
    at SocketNamespace.handlePacket (/Users/Separ8/Sites/chat-box/node_modules/socket.io/lib/namespace.js:335:22)
    at Manager.onClientMessage (/Users/Separ8/Sites/chat-box/node_modules/socket.io/lib/manager.js:488:38)
    at WebSocket.Transport.onMessage (/Users/Separ8/Sites/chat-box/node_modules/socket.io/lib/transport.js:387:20)
    at Parser.<anonymous> (/Users/Separ8/Sites/chat-box/node_modules/socket.io/lib/transports/websocket/hybi-16.js:39:10)
    at Parser.EventEmitter.emit (events.js:88:17)
2013-05-13T23:16:40.182Z - error: [domainUserMsg] TypeError: Object #<Object> has no method 'abc'
    at module.exports.socket.on.user.chatable (/Users/Separ8/Sites/chat-box/routes/socket.js:151:36)
    at Domain.bind.b (domain.js:199:18)
    at Domain.run (domain.js:139:23)
    at Socket.module.exports.socket.on.user.chatable (/Users/Separ8/Sites/chat-box/routes/socket.js:145:11)
    at Socket.EventEmitter.emit [as $emit] (events.js:91:17)
    at SocketNamespace.handlePacket (/Users/Separ8/Sites/chat-box/node_modules/socket.io/lib/namespace.js:335:22)
    at Manager.onClientMessage (/Users/Separ8/Sites/chat-box/node_modules/socket.io/lib/manager.js:488:38)
    at WebSocket.Transport.onMessage (/Users/Separ8/Sites/chat-box/node_modules/socket.io/lib/transport.js:387:20)
    at Parser.<anonymous> (/Users/Separ8/Sites/chat-box/node_modules/socket.io/lib/transports/websocket/hybi-16.js:39:10)
    at Parser.EventEmitter.emit (events.js:88:17)
2013-05-13T23:20:14.889Z - error: [domainUserMsg] TypeError: Object #<Object> has no method 'abc'
    at module.exports.socket.on.user.chatable (/Users/Separ8/Sites/chat-box/routes/socket.js:152:36)
    at Domain.bind.b (domain.js:199:18)
    at Domain.run (domain.js:139:23)
    at Socket.module.exports.socket.on.user.chatable (/Users/Separ8/Sites/chat-box/routes/socket.js:146:11)
    at Socket.EventEmitter.emit [as $emit] (events.js:91:17)
    at SocketNamespace.handlePacket (/Users/Separ8/Sites/chat-box/node_modules/socket.io/lib/namespace.js:335:22)
    at Manager.onClientMessage (/Users/Separ8/Sites/chat-box/node_modules/socket.io/lib/manager.js:488:38)
    at WebSocket.Transport.onMessage (/Users/Separ8/Sites/chat-box/node_modules/socket.io/lib/transport.js:387:20)
    at Parser.<anonymous> (/Users/Separ8/Sites/chat-box/node_modules/socket.io/lib/transports/websocket/hybi-16.js:39:10)
    at Parser.EventEmitter.emit (events.js:88:17)
2013-05-13T23:20:43.350Z - error: [domainUserMsg] TypeError: Object #<Object> has no method 'abc'
    at module.exports.socket.on.user.chatable (/Users/Separ8/Sites/chat-box/routes/socket.js:152:36)
    at Domain.bind.b (domain.js:199:18)
    at Domain.run (domain.js:139:23)
    at Socket.module.exports.socket.on.user.chatable (/Users/Separ8/Sites/chat-box/routes/socket.js:146:11)
    at Socket.EventEmitter.emit [as $emit] (events.js:91:17)
    at SocketNamespace.handlePacket (/Users/Separ8/Sites/chat-box/node_modules/socket.io/lib/namespace.js:335:22)
    at Manager.onClientMessage (/Users/Separ8/Sites/chat-box/node_modules/socket.io/lib/manager.js:488:38)
    at WebSocket.Transport.onMessage (/Users/Separ8/Sites/chat-box/node_modules/socket.io/lib/transport.js:387:20)
    at Parser.<anonymous> (/Users/Separ8/Sites/chat-box/node_modules/socket.io/lib/transports/websocket/hybi-16.js:39:10)
    at Parser.EventEmitter.emit (events.js:88:17)
2013-05-13T23:24:27.737Z - error: [domainUserMsg] TypeError: Object #<Object> has no method 'abc'
    at module.exports.socket.on.user.chatable (/Users/Separ8/Sites/chat-box/routes/socket.js:152:36)
    at Domain.bind.b (domain.js:199:18)
    at Domain.run (domain.js:139:23)
    at Socket.module.exports.socket.on.user.chatable (/Users/Separ8/Sites/chat-box/routes/socket.js:146:11)
    at Socket.EventEmitter.emit [as $emit] (events.js:91:17)
    at SocketNamespace.handlePacket (/Users/Separ8/Sites/chat-box/node_modules/socket.io/lib/namespace.js:335:22)
    at Manager.onClientMessage (/Users/Separ8/Sites/chat-box/node_modules/socket.io/lib/manager.js:488:38)
    at WebSocket.Transport.onMessage (/Users/Separ8/Sites/chat-box/node_modules/socket.io/lib/transport.js:387:20)
    at Parser.<anonymous> (/Users/Separ8/Sites/chat-box/node_modules/socket.io/lib/transports/websocket/hybi-16.js:39:10)
    at Parser.EventEmitter.emit (events.js:88:17)
2013-05-14T00:18:03.808Z - error: [domainUserMsg] TypeError: Object #<Object> has no method 'abc'
    at module.exports.socket.on.user.chatable (/Users/Separ8/Sites/chat-box/routes/socket.js:152:36)
    at Domain.bind.b (domain.js:199:18)
    at Domain.run (domain.js:139:23)
    at Socket.module.exports.socket.on.user.chatable (/Users/Separ8/Sites/chat-box/routes/socket.js:146:11)
    at Socket.EventEmitter.emit [as $emit] (events.js:91:17)
    at SocketNamespace.handlePacket (/Users/Separ8/Sites/chat-box/node_modules/socket.io/lib/namespace.js:335:22)
    at Manager.onClientMessage (/Users/Separ8/Sites/chat-box/node_modules/socket.io/lib/manager.js:488:38)
    at WebSocket.Transport.onMessage (/Users/Separ8/Sites/chat-box/node_modules/socket.io/lib/transport.js:387:20)
    at Parser.<anonymous> (/Users/Separ8/Sites/chat-box/node_modules/socket.io/lib/transports/websocket/hybi-16.js:39:10)
    at Parser.EventEmitter.emit (events.js:88:17)
2013-05-14T00:44:26.805Z - error: [domainUserMsg] TypeError: Object #<Object> has no method 'abc'
    at module.exports.socket.on.user.chatable (/Users/Separ8/Sites/chat-box/routes/socket.js:152:36)
    at Domain.bind.b (domain.js:199:18)
    at Domain.run (domain.js:139:23)
    at Socket.module.exports.socket.on.user.chatable (/Users/Separ8/Sites/chat-box/routes/socket.js:146:11)
    at Socket.EventEmitter.emit [as $emit] (events.js:91:17)
    at SocketNamespace.handlePacket (/Users/Separ8/Sites/chat-box/node_modules/socket.io/lib/namespace.js:335:22)
    at Manager.onClientMessage (/Users/Separ8/Sites/chat-box/node_modules/socket.io/lib/manager.js:488:38)
    at WebSocket.Transport.onMessage (/Users/Separ8/Sites/chat-box/node_modules/socket.io/lib/transport.js:387:20)
    at Parser.<anonymous> (/Users/Separ8/Sites/chat-box/node_modules/socket.io/lib/transports/websocket/hybi-16.js:39:10)
    at Parser.EventEmitter.emit (events.js:88:17)
2013-05-14T00:45:51.308Z - error: [domainUserMsg] TypeError: Object #<Object> has no method 'abc'
    at module.exports.socket.on.user.chatable (/Users/Separ8/Sites/chat-box/routes/socket.js:152:36)
    at Domain.bind.b (domain.js:199:18)
    at Domain.run (domain.js:139:23)
    at Socket.module.exports.socket.on.user.chatable (/Users/Separ8/Sites/chat-box/routes/socket.js:146:11)
    at Socket.EventEmitter.emit [as $emit] (events.js:91:17)
    at SocketNamespace.handlePacket (/Users/Separ8/Sites/chat-box/node_modules/socket.io/lib/namespace.js:335:22)
    at Manager.onClientMessage (/Users/Separ8/Sites/chat-box/node_modules/socket.io/lib/manager.js:488:38)
    at WebSocket.Transport.onMessage (/Users/Separ8/Sites/chat-box/node_modules/socket.io/lib/transport.js:387:20)
    at Parser.<anonymous> (/Users/Separ8/Sites/chat-box/node_modules/socket.io/lib/transports/websocket/hybi-16.js:39:10)
    at Parser.EventEmitter.emit (events.js:88:17)
2013-05-14T00:46:35.886Z - error: [domainUserMsg] TypeError: Object #<Object> has no method 'abc'
    at module.exports.socket.on.user.chatable (/Users/Separ8/Sites/chat-box/routes/socket.js:152:36)
    at Domain.bind.b (domain.js:199:18)
    at Domain.run (domain.js:139:23)
    at Socket.module.exports.socket.on.user.chatable (/Users/Separ8/Sites/chat-box/routes/socket.js:146:11)
    at Socket.EventEmitter.emit [as $emit] (events.js:91:17)
    at SocketNamespace.handlePacket (/Users/Separ8/Sites/chat-box/node_modules/socket.io/lib/namespace.js:335:22)
    at Manager.onClientMessage (/Users/Separ8/Sites/chat-box/node_modules/socket.io/lib/manager.js:488:38)
    at WebSocket.Transport.onMessage (/Users/Separ8/Sites/chat-box/node_modules/socket.io/lib/transport.js:387:20)
    at Parser.<anonymous> (/Users/Separ8/Sites/chat-box/node_modules/socket.io/lib/transports/websocket/hybi-16.js:39:10)
    at Parser.EventEmitter.emit (events.js:88:17)
2013-05-14T00:50:57.748Z - error: [domainUserMsg] TypeError: Object #<Object> has no method 'abc'
    at module.exports.socket.on.user.chatable (/Users/Separ8/Sites/chat-box/routes/socket.js:152:36)
    at Domain.bind.b (domain.js:199:18)
    at Domain.run (domain.js:139:23)
    at Socket.module.exports.socket.on.user.chatable (/Users/Separ8/Sites/chat-box/routes/socket.js:146:11)
    at Socket.EventEmitter.emit [as $emit] (events.js:91:17)
    at SocketNamespace.handlePacket (/Users/Separ8/Sites/chat-box/node_modules/socket.io/lib/namespace.js:335:22)
    at Manager.onClientMessage (/Users/Separ8/Sites/chat-box/node_modules/socket.io/lib/manager.js:488:38)
    at WebSocket.Transport.onMessage (/Users/Separ8/Sites/chat-box/node_modules/socket.io/lib/transport.js:387:20)
    at Parser.<anonymous> (/Users/Separ8/Sites/chat-box/node_modules/socket.io/lib/transports/websocket/hybi-16.js:39:10)
    at Parser.EventEmitter.emit (events.js:88:17)
2013-05-14T00:51:40.180Z - error: [domainUserMsg] TypeError: Object #<Object> has no method 'abc'
    at module.exports.socket.on.user.chatable (/Users/Separ8/Sites/chat-box/routes/socket.js:153:36)
    at Domain.bind.b (domain.js:199:18)
    at Domain.run (domain.js:139:23)
    at Socket.module.exports.socket.on.user.chatable (/Users/Separ8/Sites/chat-box/routes/socket.js:147:11)
    at Socket.EventEmitter.emit [as $emit] (events.js:91:17)
    at SocketNamespace.handlePacket (/Users/Separ8/Sites/chat-box/node_modules/socket.io/lib/namespace.js:335:22)
    at Manager.onClientMessage (/Users/Separ8/Sites/chat-box/node_modules/socket.io/lib/manager.js:488:38)
    at WebSocket.Transport.onMessage (/Users/Separ8/Sites/chat-box/node_modules/socket.io/lib/transport.js:387:20)
    at Parser.<anonymous> (/Users/Separ8/Sites/chat-box/node_modules/socket.io/lib/transports/websocket/hybi-16.js:39:10)
    at Parser.EventEmitter.emit (events.js:88:17)
2013-05-14T00:54:10.006Z - error: [domainUserMsg] TypeError: Object #<Object> has no method 'abc'
    at module.exports.socket.on.user.chatable (/Users/Separ8/Sites/chat-box/routes/socket.js:153:36)
    at Domain.bind.b (domain.js:199:18)
    at Domain.run (domain.js:139:23)
    at Socket.module.exports.socket.on.user.chatable (/Users/Separ8/Sites/chat-box/routes/socket.js:147:11)
    at Socket.EventEmitter.emit [as $emit] (events.js:91:17)
    at SocketNamespace.handlePacket (/Users/Separ8/Sites/chat-box/node_modules/socket.io/lib/namespace.js:335:22)
    at Manager.onClientMessage (/Users/Separ8/Sites/chat-box/node_modules/socket.io/lib/manager.js:488:38)
    at WebSocket.Transport.onMessage (/Users/Separ8/Sites/chat-box/node_modules/socket.io/lib/transport.js:387:20)
    at Parser.<anonymous> (/Users/Separ8/Sites/chat-box/node_modules/socket.io/lib/transports/websocket/hybi-16.js:39:10)
    at Parser.EventEmitter.emit (events.js:88:17)
2013-05-14T01:01:44.052Z - error: [domainUserMsg] TypeError: Object #<Object> has no method 'abc'
    at module.exports.socket.on.user.chatable (/Users/Separ8/Sites/chat-box/routes/socket.js:153:36)
    at Domain.bind.b (domain.js:199:18)
    at Domain.run (domain.js:139:23)
    at Socket.module.exports.socket.on.user.chatable (/Users/Separ8/Sites/chat-box/routes/socket.js:147:11)
    at Socket.EventEmitter.emit [as $emit] (events.js:91:17)
    at SocketNamespace.handlePacket (/Users/Separ8/Sites/chat-box/node_modules/socket.io/lib/namespace.js:335:22)
    at Manager.onClientMessage (/Users/Separ8/Sites/chat-box/node_modules/socket.io/lib/manager.js:488:38)
    at WebSocket.Transport.onMessage (/Users/Separ8/Sites/chat-box/node_modules/socket.io/lib/transport.js:387:20)
    at Parser.<anonymous> (/Users/Separ8/Sites/chat-box/node_modules/socket.io/lib/transports/websocket/hybi-16.js:39:10)
    at Parser.EventEmitter.emit (events.js:88:17)
2013-05-14T01:04:25.408Z - error: [domainUserMsg] TypeError: Object #<Object> has no method 'abc'
    at module.exports.socket.on.user.chatable (/Users/Separ8/Sites/chat-box/routes/socket.js:153:36)
    at Domain.bind.b (domain.js:199:18)
    at Domain.run (domain.js:139:23)
    at Socket.module.exports.socket.on.user.chatable (/Users/Separ8/Sites/chat-box/routes/socket.js:147:11)
    at Socket.EventEmitter.emit [as $emit] (events.js:91:17)
    at SocketNamespace.handlePacket (/Users/Separ8/Sites/chat-box/node_modules/socket.io/lib/namespace.js:335:22)
    at Manager.onClientMessage (/Users/Separ8/Sites/chat-box/node_modules/socket.io/lib/manager.js:488:38)
    at WebSocket.Transport.onMessage (/Users/Separ8/Sites/chat-box/node_modules/socket.io/lib/transport.js:387:20)
    at Parser.<anonymous> (/Users/Separ8/Sites/chat-box/node_modules/socket.io/lib/transports/websocket/hybi-16.js:39:10)
    at Parser.EventEmitter.emit (events.js:88:17)
2013-05-14T01:05:16.437Z - error: [domainUserMsg] TypeError: Object #<Object> has no method 'abc'
    at module.exports.socket.on.user.chatable (/Users/Separ8/Sites/chat-box/routes/socket.js:153:36)
    at Domain.bind.b (domain.js:199:18)
    at Domain.run (domain.js:139:23)
    at Socket.module.exports.socket.on.user.chatable (/Users/Separ8/Sites/chat-box/routes/socket.js:147:11)
    at Socket.EventEmitter.emit [as $emit] (events.js:91:17)
    at SocketNamespace.handlePacket (/Users/Separ8/Sites/chat-box/node_modules/socket.io/lib/namespace.js:335:22)
    at Manager.onClientMessage (/Users/Separ8/Sites/chat-box/node_modules/socket.io/lib/manager.js:488:38)
    at WebSocket.Transport.onMessage (/Users/Separ8/Sites/chat-box/node_modules/socket.io/lib/transport.js:387:20)
    at Parser.<anonymous> (/Users/Separ8/Sites/chat-box/node_modules/socket.io/lib/transports/websocket/hybi-16.js:39:10)
    at Parser.EventEmitter.emit (events.js:88:17)
